[debug] [2018-07-21T21:16:26.256Z] ----------------------------------------------------------------------
[debug] [2018-07-21T21:16:26.259Z] Command:       C:\Program Files\nodejs\node.exe C:\Users\Etzio Audietaure\AppData\Roaming\npm\node_modules\firebase-tools\bin\firebase deploy --only hosting
[debug] [2018-07-21T21:16:26.259Z] CLI Version:   3.18.6
[debug] [2018-07-21T21:16:26.259Z] Platform:      win32
[debug] [2018-07-21T21:16:26.259Z] Node Version:  v8.11.2
[debug] [2018-07-21T21:16:26.260Z] Time:          Sun Jul 22 2018 02:46:26 GMT+0530 (India Standard Time)
[debug] [2018-07-21T21:16:26.260Z] ----------------------------------------------------------------------
[debug] 
[debug] [2018-07-21T21:16:26.273Z] > command requires scopes: ["email","openid","https://www.googleapis.com/auth/cloudplatformprojects.readonly","https://www.googleapis.com/auth/firebase","https://www.googleapis.com/auth/cloud-platform"]
[debug] [2018-07-21T21:16:26.274Z] > authorizing via signed-in user
[debug] [2018-07-21T21:16:26.277Z] >>> HTTP REQUEST GET https://admin.firebase.com/v1/projects/meetups-e7599  
  
 Sun Jul 22 2018 02:46:26 GMT+0530 (India Standard Time)
[debug] [2018-07-21T21:16:28.214Z] <<< HTTP RESPONSE 200
[debug] [2018-07-21T21:16:28.215Z] >>> HTTP REQUEST GET https://admin.firebase.com/v1/database/meetups-e7599/tokens  
  
 Sun Jul 22 2018 02:46:28 GMT+0530 (India Standard Time)
[debug] [2018-07-21T21:16:29.581Z] <<< HTTP RESPONSE 200
[info] 
[info] === Deploying to 'meetups-e7599'...
[info] 
[info] i  deploying hosting
[info] i  hosting: preparing dist directory for upload...
[debug] [2018-07-21T21:16:36.578Z] >>> HTTP REQUEST PUT https://deploy.firebase.com/v1/hosting/meetups-e7599/uploads/-LHygtIprvDZ-zhljcJB?fileCount=29&message=  
  
 Sun Jul 22 2018 02:46:36 GMT+0530 (India Standard Time)
[debug] [2018-07-21T21:16:57.800Z] Error: connect ETIMEDOUT 23.251.151.130:443
    at Object._errnoException (util.js:992:11)
    at _exceptionWithHostPort (util.js:1014:20)
    at TCPConnectWrap.afterConnect [as oncomplete] (net.js:1186:14)
[error] 
[error] Error: Server Error. connect ETIMEDOUT 23.251.151.130:443
